  [4;36;1mSQL (0.0ms)[0m   [0;1m SELECT name
 FROM sqlite_master
 WHERE type = 'table' AND NOT name = 'sqlite_sequence'
[0m
  [4;35;1mSQL (0.0ms)[0m   [0mselect sqlite_version(*)[0m
  [4;36;1mSQL (62.0ms)[0m   [0;1mCREATE TABLE "schema_migrations" ("version" varchar(255) NOT NULL) [0m
  [4;35;1mSQL (78.0ms)[0m   [0mCREATE UNIQUE INDEX "unique_schema_migrations" ON "schema_migrations" ("version")[0m
  [4;36;1mSQL (0.0ms)[0m   [0;1m SELECT name
 FROM sqlite_master
 WHERE type = 'table' AND NOT name = 'sqlite_sequence'
[0m
  [4;35;1mSQL (0.0ms)[0m   [0mSELECT version FROM schema_migrations[0m
Migrating to CreateTopics (20090613205841)
  [4;36;1mSQL (0.0ms)[0m   [0;1mCREATE TABLE "topics" ("id" INTEGER PRIMARY KEY AUTOINCREMENT NOT NULL, "title" varchar(255), "description" text, "created_at" datetime, "updated_at" datetime) [0m
  [4;35;1mSQL (0.0ms)[0m   [0mINSERT INTO schema_migrations (version) VALUES ('20090613205841')[0m
  [4;36;1mSQL (0.0ms)[0m   [0;1m SELECT name
 FROM sqlite_master
 WHERE type = 'table' AND NOT name = 'sqlite_sequence'
[0m
  [4;35;1mSQL (0.0ms)[0m   [0mSELECT version FROM schema_migrations[0m
  [4;36;1mSQL (0.0ms)[0m   [0;1m SELECT name
 FROM sqlite_master
 WHERE type = 'table' AND NOT name = 'sqlite_sequence'
[0m
  [4;35;1mSQL (0.0ms)[0m   [0mPRAGMA index_list("topics")[0m


Processing ApplicationController#index (for 127.0.0.1 at 2009-06-13 14:00:06) [GET]

ActionController::RoutingError (No route matches "/topic" with {:method=>:get}):
  c:/Ruby/lib/ruby/1.8/webrick/httpserver.rb:104:in `service'
  c:/Ruby/lib/ruby/1.8/webrick/httpserver.rb:65:in `run'
  c:/Ruby/lib/ruby/1.8/webrick/server.rb:173:in `start_thread'
  c:/Ruby/lib/ruby/1.8/webrick/server.rb:162:in `start'
  c:/Ruby/lib/ruby/1.8/webrick/server.rb:162:in `start_thread'
  c:/Ruby/lib/ruby/1.8/webrick/server.rb:95:in `start'
  c:/Ruby/lib/ruby/1.8/webrick/server.rb:92:in `each'
  c:/Ruby/lib/ruby/1.8/webrick/server.rb:92:in `start'
  c:/Ruby/lib/ruby/1.8/webrick/server.rb:23:in `start'
  c:/Ruby/lib/ruby/1.8/webrick/server.rb:82:in `start'

Rendering rescues/layout (not_found)


Processing TopicsController#index (for 127.0.0.1 at 2009-06-13 14:00:12) [GET]
  [4;36;1mTopic Load (0.0ms)[0m   [0;1mSELECT * FROM "topics" [0m
Rendering template within layouts/topics
Rendering topics/index
Completed in 1500ms (View: 1484, DB: 0) | 200 OK [http://localhost/topics]


Processing TopicsController#new (for 127.0.0.1 at 2009-06-13 14:00:21) [GET]
Rendering template within layouts/topics
Rendering topics/new
Completed in 15ms (View: 15, DB: 0) | 200 OK [http://localhost/topics/new]


Processing TopicsController#create (for 127.0.0.1 at 2009-06-13 14:00:53) [POST]
  Parameters: {"commit"=>"Create", "authenticity_token"=>"FEUtHx5jCe9AJTXsj9BqZkcW65VDV9/UAsqivj7fw/U=", "topic"=>{"title"=>"Watermelon Eating", "description"=>"We will eat yummy watermelons."}}
  [4;35;1mTopic Create (0.0ms)[0m   [0mINSERT INTO "topics" ("updated_at", "title", "description", "created_at") VALUES('2009-06-13 21:00:53', 'Watermelon Eating', 'We will eat yummy watermelons.', '2009-06-13 21:00:53')[0m
Redirected to http://localhost:3000/topics/1
Completed in 188ms (DB: 0) | 302 Found [http://localhost/topics]


Processing TopicsController#show (for 127.0.0.1 at 2009-06-13 14:00:53) [GET]
  Parameters: {"id"=>"1"}
  [4;36;1mTopic Load (0.0ms)[0m   [0;1mSELECT * FROM "topics" WHERE ("topics"."id" = 1) [0m
Rendering template within layouts/topics
Rendering topics/show
Completed in 15ms (View: 15, DB: 0) | 200 OK [http://localhost/topics/1]


Processing TopicsController#edit (for 127.0.0.1 at 2009-06-13 14:00:55) [GET]
  Parameters: {"id"=>"1"}
  [4;35;1mTopic Load (0.0ms)[0m   [0mSELECT * FROM "topics" WHERE ("topics"."id" = 1) [0m
Rendering template within layouts/topics
Rendering topics/edit
Completed in 47ms (View: 31, DB: 0) | 200 OK [http://localhost/topics/1/edit]


Processing TopicsController#update (for 127.0.0.1 at 2009-06-13 14:01:09) [PUT]
  Parameters: {"commit"=>"Update", "authenticity_token"=>"FEUtHx5jCe9AJTXsj9BqZkcW65VDV9/UAsqivj7fw/U=", "topic"=>{"title"=>"Watermelon Eating", "description"=>"We will eat yummy watermelons.  We will also spit out the seeds in a contest to see how far we can spit."}, "id"=>"1"}
  [4;36;1mTopic Load (0.0ms)[0m   [0;1mSELECT * FROM "topics" WHERE ("topics"."id" = 1) [0m
  [4;35;1mTopic Update (0.0ms)[0m   [0mUPDATE "topics" SET "description" = 'We will eat yummy watermelons. We will also spit out the seeds in a contest to see how far we can spit.', "updated_at" = '2009-06-13 21:01:09' WHERE "id" = 1[0m
Redirected to http://localhost:3000/topics/1
Completed in 187ms (DB: 0) | 302 Found [http://localhost/topics/1]


Processing TopicsController#show (for 127.0.0.1 at 2009-06-13 14:01:09) [GET]
  Parameters: {"id"=>"1"}
  [4;36;1mTopic Load (0.0ms)[0m   [0;1mSELECT * FROM "topics" WHERE ("topics"."id" = 1) [0m
Rendering template within layouts/topics
Rendering topics/show
Completed in 16ms (View: 0, DB: 0) | 200 OK [http://localhost/topics/1]


Processing TopicsController#index (for 127.0.0.1 at 2009-06-13 14:01:18) [GET]
  [4;35;1mTopic Load (0.0ms)[0m   [0mSELECT * FROM "topics" [0m
Rendering template within layouts/topics
Rendering topics/index
Completed in 141ms (View: 0, DB: 0) | 200 OK [http://localhost/topics/]


Processing TopicsController#new (for 127.0.0.1 at 2009-06-13 14:01:23) [GET]
Rendering template within layouts/topics
Rendering topics/new
Completed in 31ms (View: 15, DB: 0) | 200 OK [http://localhost/topics/new]


Processing TopicsController#create (for 127.0.0.1 at 2009-06-13 14:01:58) [POST]
  Parameters: {"commit"=>"Create", "authenticity_token"=>"FEUtHx5jCe9AJTXsj9BqZkcW65VDV9/UAsqivj7fw/U=", "topic"=>{"title"=>"Wine and cheese", "description"=>"We will eat wine and cheese just like the French do."}}
  [4;36;1mTopic Create (0.0ms)[0m   [0;1mINSERT INTO "topics" ("updated_at", "title", "description", "created_at") VALUES('2009-06-13 21:01:58', 'Wine and cheese', 'We will eat wine and cheese just like the French do.', '2009-06-13 21:01:58')[0m
Redirected to http://localhost:3000/topics/2
Completed in 156ms (DB: 0) | 302 Found [http://localhost/topics]


Processing TopicsController#show (for 127.0.0.1 at 2009-06-13 14:01:58) [GET]
  Parameters: {"id"=>"2"}
  [4;35;1mTopic Load (0.0ms)[0m   [0mSELECT * FROM "topics" WHERE ("topics"."id" = 2) [0m
Rendering template within layouts/topics
Rendering topics/show
Completed in 15ms (View: 15, DB: 0) | 200 OK [http://localhost/topics/2]


Processing TopicsController#index (for 127.0.0.1 at 2009-06-13 14:02:02) [GET]
  [4;36;1mTopic Load (0.0ms)[0m   [0;1mSELECT * FROM "topics" [0m
Rendering template within layouts/topics
Rendering topics/index
Completed in 31ms (View: 15, DB: 0) | 200 OK [http://localhost/topics/]


Processing TopicsController#show (for 127.0.0.1 at 2009-06-13 14:02:15) [GET]
  Parameters: {"id"=>"1"}
  [4;35;1mTopic Load (0.0ms)[0m   [0mSELECT * FROM "topics" WHERE ("topics"."id" = 1) [0m
Rendering template within layouts/topics
Rendering topics/show
Completed in 31ms (View: 16, DB: 0) | 200 OK [http://localhost/topics/1]


Processing TopicsController#index (for 127.0.0.1 at 2009-06-13 14:02:19) [GET]
  [4;36;1mTopic Load (0.0ms)[0m   [0;1mSELECT * FROM "topics" [0m
Rendering template within layouts/topics
Rendering topics/index
Completed in 47ms (View: 16, DB: 0) | 200 OK [http://localhost/topics]


Processing TopicsController#edit (for 127.0.0.1 at 2009-06-13 14:06:27) [GET]
  Parameters: {"id"=>"1"}
  [4;35;1mTopic Load (0.0ms)[0m   [0mSELECT * FROM "topics" WHERE ("topics"."id" = 1) [0m
Rendering template within layouts/topics
Rendering topics/edit
Completed in 125ms (View: 15, DB: 0) | 200 OK [http://localhost/topics/1/edit]


Processing TopicsController#index to xml (for 127.0.0.1 at 2009-06-13 14:13:06) [GET]
  [4;36;1mTopic Load (15.0ms)[0m   [0;1mSELECT * FROM "topics" [0m
Completed in 250ms (View: 219, DB: 15) | 200 OK [http://localhost/topics.xml]


Processing TopicsController#index (for 127.0.0.1 at 2009-06-13 14:17:24) [GET]
  [4;35;1mTopic Load (0.0ms)[0m   [0mSELECT * FROM "topics" [0m
Rendering template within layouts/topics
Rendering topics/index
Completed in 16ms (View: 0, DB: 0) | 200 OK [http://localhost/topics]
  [4;36;1mSQL (0.7ms)[0m   [0;1m SELECT name
 FROM sqlite_master
 WHERE type = 'table' AND NOT name = 'sqlite_sequence'
[0m
  [4;35;1mSQL (0.2ms)[0m   [0mSELECT version FROM schema_migrations[0m
Migrating to CreateTopics (20090613205841)
  [4;36;1mSQL (0.2ms)[0m   [0;1mselect sqlite_version(*)[0m
  [4;35;1mSQL (0.2ms)[0m   [0m SELECT name
 FROM sqlite_master
 WHERE type = 'table' AND NOT name = 'sqlite_sequence'
[0m
  [4;36;1mSQL (0.1ms)[0m   [0;1mSELECT version FROM schema_migrations[0m
  [4;35;1mSQL (0.2ms)[0m   [0m SELECT name
 FROM sqlite_master
 WHERE type = 'table' AND NOT name = 'sqlite_sequence'
[0m
  [4;36;1mSQL (0.0ms)[0m   [0;1mPRAGMA index_list("topics")[0m
  [4;36;1mSQL (0.4ms)[0m   [0;1m SELECT name
 FROM sqlite_master
 WHERE type = 'table' AND NOT name = 'sqlite_sequence'
[0m
  [4;35;1mSQL (0.1ms)[0m   [0mSELECT version FROM schema_migrations[0m
  [4;36;1mSQL (0.1ms)[0m   [0;1mselect sqlite_version(*)[0m
  [4;35;1mSQL (0.2ms)[0m   [0m SELECT name
 FROM sqlite_master
 WHERE type = 'table' AND NOT name = 'sqlite_sequence'
[0m
  [4;36;1mSQL (3.4ms)[0m   [0;1mCREATE TABLE "topics" ("id" INTEGER PRIMARY KEY AUTOINCREMENT NOT NULL, "title" varchar(255), "description" text, "created_at" datetime, "updated_at" datetime) [0m
  [4;35;1mSQL (0.5ms)[0m   [0m SELECT name
 FROM sqlite_master
 WHERE type = 'table' AND NOT name = 'sqlite_sequence'
[0m
  [4;36;1mSQL (3.0ms)[0m   [0;1mCREATE TABLE "schema_migrations" ("version" varchar(255) NOT NULL) [0m
  [4;35;1mSQL (2.9ms)[0m   [0mCREATE UNIQUE INDEX "unique_schema_migrations" ON "schema_migrations" ("version")[0m
  [4;36;1mSQL (0.3ms)[0m   [0;1m SELECT name
 FROM sqlite_master
 WHERE type = 'table' AND NOT name = 'sqlite_sequence'
[0m
  [4;35;1mSQL (0.1ms)[0m   [0mSELECT version FROM "schema_migrations"[0m
  [4;36;1mSQL (1.9ms)[0m   [0;1mINSERT INTO "schema_migrations" (version) VALUES ('20090613205841')[0m


Processing ApplicationController#index (for 127.0.0.1 at 2009-06-13 14:57:09) [GET]

ActionController::RoutingError (No route matches "/topic" with {:method=>:get}):
  

Rendering rescues/layout (not_found)


Processing TopicsController#index (for 127.0.0.1 at 2009-06-13 14:57:24) [GET]
  [4;36;1mTopic Load (0.6ms)[0m   [0;1mSELECT * FROM "topics" [0m
Rendering template within layouts/topics
Rendering topics/index
Completed in 39ms (View: 35, DB: 1) | 200 OK [http://localhost/topics]


Processing TopicsController#new (for 127.0.0.1 at 2009-06-13 14:58:51) [GET]
Rendering template within layouts/topics
Rendering topics/new
Completed in 10ms (View: 6, DB: 0) | 200 OK [http://localhost/topics/new]


Processing TopicsController#create (for 127.0.0.1 at 2009-06-13 14:58:53) [POST]
  Parameters: {"commit"=>"Create", "authenticity_token"=>"MZezxrjRXMvBnw+ugNTwsHyf+1VM88w4DL+PQXmSfjY=", "topic"=>{"title"=>"", "description"=>""}}
  [4;35;1mTopic Create (0.4ms)[0m   [0mINSERT INTO "topics" ("updated_at", "title", "description", "created_at") VALUES('2009-06-13 21:58:53', '', '', '2009-06-13 21:58:53')[0m
Redirected to http://localhost:3000/topics/3
Completed in 18ms (DB: 0) | 302 Found [http://localhost/topics]


Processing TopicsController#show (for 127.0.0.1 at 2009-06-13 14:58:53) [GET]
  Parameters: {"id"=>"3"}
  [4;36;1mTopic Load (0.2ms)[0m   [0;1mSELECT * FROM "topics" WHERE ("topics"."id" = 3) [0m
Rendering template within layouts/topics
Rendering topics/show
Completed in 9ms (View: 4, DB: 0) | 200 OK [http://localhost/topics/3]


Processing TopicsController#index (for 127.0.0.1 at 2009-06-13 14:58:58) [GET]
  [4;35;1mTopic Load (0.5ms)[0m   [0mSELECT * FROM "topics" [0m
Rendering template within layouts/topics
Rendering topics/index
Completed in 8ms (View: 4, DB: 1) | 200 OK [http://localhost/topics]


Processing TopicsController#new (for 127.0.0.1 at 2009-06-13 14:59:11) [GET]
Rendering template within layouts/topics
Rendering topics/new
Completed in 7ms (View: 3, DB: 0) | 200 OK [http://localhost/topics/new]


Processing TopicsController#create (for 127.0.0.1 at 2009-06-13 14:59:13) [POST]
  Parameters: {"commit"=>"Create", "authenticity_token"=>"MZezxrjRXMvBnw+ugNTwsHyf+1VM88w4DL+PQXmSfjY=", "topic"=>{"title"=>"", "description"=>""}}
Rendering template within layouts/topics
Rendering topics/new
Completed in 12ms (View: 3, DB: 0) | 200 OK [http://localhost/topics]
  [4;36;1mSQL (0.4ms)[0m   [0;1m SELECT name
 FROM sqlite_master
 WHERE type = 'table' AND NOT name = 'sqlite_sequence'
[0m
  [4;35;1mSQL (0.1ms)[0m   [0mSELECT version FROM schema_migrations[0m
  [4;36;1mSQL (0.1ms)[0m   [0;1mselect sqlite_version(*)[0m
  [4;35;1mSQL (0.2ms)[0m   [0m SELECT name
 FROM sqlite_master
 WHERE type = 'table' AND NOT name = 'sqlite_sequence'
[0m
  [4;36;1mSQL (4.0ms)[0m   [0;1mCREATE TABLE "topics" ("id" INTEGER PRIMARY KEY AUTOINCREMENT NOT NULL, "title" varchar(255), "description" text, "created_at" datetime, "updated_at" datetime) [0m
  [4;35;1mSQL (0.3ms)[0m   [0m SELECT name
 FROM sqlite_master
 WHERE type = 'table' AND NOT name = 'sqlite_sequence'
[0m
  [4;36;1mSQL (2.6ms)[0m   [0;1mCREATE TABLE "schema_migrations" ("version" varchar(255) NOT NULL) [0m
  [4;35;1mSQL (3.0ms)[0m   [0mCREATE UNIQUE INDEX "unique_schema_migrations" ON "schema_migrations" ("version")[0m
  [4;36;1mSQL (0.6ms)[0m   [0;1m SELECT name
 FROM sqlite_master
 WHERE type = 'table' AND NOT name = 'sqlite_sequence'
[0m
  [4;35;1mSQL (0.2ms)[0m   [0mSELECT version FROM "schema_migrations"[0m
  [4;36;1mSQL (1.8ms)[0m   [0;1mINSERT INTO "schema_migrations" (version) VALUES ('20090613205841')[0m
  [4;36;1mSQL (0.4ms)[0m   [0;1m SELECT name
 FROM sqlite_master
 WHERE type = 'table' AND NOT name = 'sqlite_sequence'
[0m
  [4;35;1mSQL (0.1ms)[0m   [0mSELECT version FROM schema_migrations[0m
  [4;36;1mSQL (0.1ms)[0m   [0;1mselect sqlite_version(*)[0m
  [4;35;1mSQL (0.2ms)[0m   [0m SELECT name
 FROM sqlite_master
 WHERE type = 'table' AND NOT name = 'sqlite_sequence'
[0m
  [4;36;1mSQL (3.4ms)[0m   [0;1mCREATE TABLE "topics" ("id" INTEGER PRIMARY KEY AUTOINCREMENT NOT NULL, "title" varchar(255), "description" text, "created_at" datetime, "updated_at" datetime) [0m
  [4;35;1mSQL (0.3ms)[0m   [0m SELECT name
 FROM sqlite_master
 WHERE type = 'table' AND NOT name = 'sqlite_sequence'
[0m
  [4;36;1mSQL (2.3ms)[0m   [0;1mCREATE TABLE "schema_migrations" ("version" varchar(255) NOT NULL) [0m
  [4;35;1mSQL (2.8ms)[0m   [0mCREATE UNIQUE INDEX "unique_schema_migrations" ON "schema_migrations" ("version")[0m
  [4;36;1mSQL (0.5ms)[0m   [0;1m SELECT name
 FROM sqlite_master
 WHERE type = 'table' AND NOT name = 'sqlite_sequence'
[0m
  [4;35;1mSQL (0.2ms)[0m   [0mSELECT version FROM "schema_migrations"[0m
  [4;36;1mSQL (2.3ms)[0m   [0;1mINSERT INTO "schema_migrations" (version) VALUES ('20090613205841')[0m
  [4;36;1mTopic Load (0.5ms)[0m   [0;1mSELECT * FROM "topics" [0m
  [4;36;1mSQL (0.4ms)[0m   [0;1m SELECT name
 FROM sqlite_master
 WHERE type = 'table' AND NOT name = 'sqlite_sequence'
[0m
  [4;35;1mSQL (0.1ms)[0m   [0mSELECT version FROM schema_migrations[0m
Migrating to CreateTopics (20090613205841)
Migrating to CreateVotes (20090613220703)
  [4;36;1mSQL (0.1ms)[0m   [0;1mselect sqlite_version(*)[0m
  [4;35;1mSQL (0.5ms)[0m   [0mCREATE TABLE "votes" ("id" INTEGER PRIMARY KEY AUTOINCREMENT NOT NULL, "topic_id" integer, "created_at" datetime, "updated_at" datetime) [0m
  [4;36;1mSQL (0.1ms)[0m   [0;1mINSERT INTO schema_migrations (version) VALUES ('20090613220703')[0m
  [4;35;1mSQL (0.4ms)[0m   [0m SELECT name
 FROM sqlite_master
 WHERE type = 'table' AND NOT name = 'sqlite_sequence'
[0m
  [4;36;1mSQL (0.2ms)[0m   [0;1mSELECT version FROM schema_migrations[0m
  [4;35;1mSQL (0.2ms)[0m   [0m SELECT name
 FROM sqlite_master
 WHERE type = 'table' AND NOT name = 'sqlite_sequence'
[0m
  [4;36;1mSQL (0.1ms)[0m   [0;1mPRAGMA index_list("topics")[0m
  [4;35;1mSQL (0.0ms)[0m   [0mPRAGMA index_list("votes")[0m
  [4;36;1mSQL (0.4ms)[0m   [0;1m SELECT name
 FROM sqlite_master
 WHERE type = 'table' AND NOT name = 'sqlite_sequence'
[0m
  [4;35;1mSQL (0.1ms)[0m   [0mSELECT version FROM schema_migrations[0m
  [4;36;1mSQL (0.1ms)[0m   [0;1mselect sqlite_version(*)[0m
  [4;35;1mSQL (0.2ms)[0m   [0m SELECT name
 FROM sqlite_master
 WHERE type = 'table' AND NOT name = 'sqlite_sequence'
[0m
  [4;36;1mSQL (3.7ms)[0m   [0;1mCREATE TABLE "topics" ("id" INTEGER PRIMARY KEY AUTOINCREMENT NOT NULL, "title" varchar(255), "description" text, "created_at" datetime, "updated_at" datetime) [0m
  [4;35;1mSQL (0.3ms)[0m   [0m SELECT name
 FROM sqlite_master
 WHERE type = 'table' AND NOT name = 'sqlite_sequence'
[0m
  [4;36;1mSQL (2.7ms)[0m   [0;1mCREATE TABLE "votes" ("id" INTEGER PRIMARY KEY AUTOINCREMENT NOT NULL, "topic_id" integer, "created_at" datetime, "updated_at" datetime) [0m
  [4;35;1mSQL (0.6ms)[0m   [0m SELECT name
 FROM sqlite_master
 WHERE type = 'table' AND NOT name = 'sqlite_sequence'
[0m
  [4;36;1mSQL (2.6ms)[0m   [0;1mCREATE TABLE "schema_migrations" ("version" varchar(255) NOT NULL) [0m
  [4;35;1mSQL (2.9ms)[0m   [0mCREATE UNIQUE INDEX "unique_schema_migrations" ON "schema_migrations" ("version")[0m
  [4;36;1mSQL (0.6ms)[0m   [0;1m SELECT name
 FROM sqlite_master
 WHERE type = 'table' AND NOT name = 'sqlite_sequence'
[0m
  [4;35;1mSQL (0.2ms)[0m   [0mSELECT version FROM "schema_migrations"[0m
  [4;36;1mSQL (2.3ms)[0m   [0;1mINSERT INTO "schema_migrations" (version) VALUES ('20090613220703')[0m
  [4;35;1mSQL (2.2ms)[0m   [0mINSERT INTO "schema_migrations" (version) VALUES ('20090613205841')[0m


Processing TopicsController#index (for 127.0.0.1 at 2009-06-13 15:19:37) [GET]
  [4;36;1mTopic Load (0.5ms)[0m   [0;1mSELECT * FROM "topics" [0m
Rendering template within layouts/topics
Rendering topics/index
Completed in 15ms (View: 5, DB: 1) | 200 OK [http://localhost/topics]


Processing TopicsController#new (for 127.0.0.1 at 2009-06-13 15:19:39) [GET]
Rendering template within layouts/topics
Rendering topics/new
Completed in 7ms (View: 3, DB: 0) | 200 OK [http://localhost/topics/new]


Processing TopicsController#create (for 127.0.0.1 at 2009-06-13 15:19:45) [POST]
  Parameters: {"commit"=>"Create", "authenticity_token"=>"MZezxrjRXMvBnw+ugNTwsHyf+1VM88w4DL+PQXmSfjY=", "topic"=>{"title"=>"Must have a title", "description"=>""}}
  [4;35;1mTopic Create (0.4ms)[0m   [0mINSERT INTO "topics" ("updated_at", "title", "description", "created_at") VALUES('2009-06-13 22:19:45', 'Must have a title', '', '2009-06-13 22:19:45')[0m
Redirected to http://localhost:3000/topics/4
Completed in 11ms (DB: 0) | 302 Found [http://localhost/topics]


Processing TopicsController#show (for 127.0.0.1 at 2009-06-13 15:19:45) [GET]
  Parameters: {"id"=>"4"}
  [4;36;1mTopic Load (0.2ms)[0m   [0;1mSELECT * FROM "topics" WHERE ("topics"."id" = 4) [0m
Rendering template within layouts/topics
Rendering topics/show
Completed in 7ms (View: 2, DB: 0) | 200 OK [http://localhost/topics/4]


Processing TopicsController#index (for 127.0.0.1 at 2009-06-13 15:19:47) [GET]
  [4;35;1mTopic Load (0.6ms)[0m   [0mSELECT * FROM "topics" [0m
Rendering template within layouts/topics
Rendering topics/index
Completed in 9ms (View: 4, DB: 1) | 200 OK [http://localhost/topics]


Processing TopicsController#index (for 127.0.0.1 at 2009-06-13 15:56:55) [GET]
  [4;36;1mTopic Load (0.5ms)[0m   [0;1mSELECT * FROM "topics" [0m
Rendering template within layouts/topics
Rendering topics/index
Completed in 12ms (View: 8, DB: 1) | 200 OK [http://localhost/topics]


Processing VotesController#create (for 127.0.0.1 at 2009-06-13 15:57:03) [POST]
  Parameters: {"topic_id"=>"1", "authenticity_token"=>"MZezxrjRXMvBnw+ugNTwsHyf+1VM88w4DL+PQXmSfjY="}
  [4;35;1mTopic Load (0.2ms)[0m   [0mSELECT * FROM "topics" WHERE ("topics"."id" = 1) [0m
  [4;36;1mCACHE (0.0ms)[0m   [0;1mSELECT * FROM "topics" WHERE ("topics"."id" = 1) [0m
  [4;35;1mVote Create (0.3ms)[0m   [0mINSERT INTO "votes" ("topic_id", "updated_at", "created_at") VALUES(1, '2009-06-13 22:57:03', '2009-06-13 22:57:03')[0m
Redirected to http://localhost:3000/topics
Completed in 15ms (DB: 0) | 302 Found [http://localhost/topics/1/votes]


Processing TopicsController#index (for 127.0.0.1 at 2009-06-13 15:57:03) [GET]
  [4;36;1mTopic Load (0.6ms)[0m   [0;1mSELECT * FROM "topics" [0m
Rendering template within layouts/topics
Rendering topics/index
Completed in 10ms (View: 5, DB: 1) | 200 OK [http://localhost/topics]


Processing TopicsController#index (for 127.0.0.1 at 2009-06-13 15:58:51) [GET]
  [4;35;1mTopic Load (0.9ms)[0m   [0mSELECT * FROM "topics" [0m
Rendering template within layouts/topics
Rendering topics/index
  [4;36;1mSQL (0.3ms)[0m   [0;1m SELECT name
 FROM sqlite_master
 WHERE type = 'table' AND NOT name = 'sqlite_sequence'
[0m

ActionView::TemplateError (undefined method `lengt' for #<Class:0x256b3d0>) on line #14 of app/views/topics/index.html.erb:
11:     <td><%=h topic.title %></td>
12:     <td><%=h topic.description %></td>
13:     <td><%= button_to "+1", topic_votes_path(topic), :method => :post %></td>
14:     <td><%= topic.votes.lengt.to_s + " votes" %></td>
15:     <td><%= link_to 'Show', topic %></td>
16:     <td><%= link_to 'Edit', edit_topic_path(topic) %></td>
17:     <td><%= link_to 'Destroy', topic, :confirm => 'Are you sure?', :method => :delete %></td>

    app/views/topics/index.html.erb:14
    app/views/topics/index.html.erb:9:in `each'
    app/views/topics/index.html.erb:9
    app/controllers/topics_controller.rb:7:in `index'

Rendered rescues/_trace (41.4ms)
Rendered rescues/_request_and_response (1.6ms)
Rendering rescues/layout (internal_server_error)


Processing TopicsController#index (for 127.0.0.1 at 2009-06-13 15:58:57) [GET]
  [4;35;1mTopic Load (0.5ms)[0m   [0mSELECT * FROM "topics" [0m
Rendering template within layouts/topics
Rendering topics/index
  [4;36;1mSQL (0.3ms)[0m   [0;1m SELECT name
 FROM sqlite_master
 WHERE type = 'table' AND NOT name = 'sqlite_sequence'
[0m

ActionView::TemplateError (undefined method `lengt' for #<Class:0x23b92a8>) on line #14 of app/views/topics/index.html.erb:
11:     <td><%=h topic.title %></td>
12:     <td><%=h topic.description %></td>
13:     <td><%= button_to "+1", topic_votes_path(topic), :method => :post %></td>
14:     <td><%= topic.votes.lengt.to_s + " votes" %></td>
15:     <td><%= link_to 'Show', topic %></td>
16:     <td><%= link_to 'Edit', edit_topic_path(topic) %></td>
17:     <td><%= link_to 'Destroy', topic, :confirm => 'Are you sure?', :method => :delete %></td>

    app/views/topics/index.html.erb:14
    app/views/topics/index.html.erb:9:in `each'
    app/views/topics/index.html.erb:9
    app/controllers/topics_controller.rb:7:in `index'

Rendered rescues/_trace (39.1ms)
Rendered rescues/_request_and_response (0.2ms)
Rendering rescues/layout (internal_server_error)


Processing TopicsController#index (for 127.0.0.1 at 2009-06-13 15:59:21) [GET]
  [4;35;1mTopic Load (0.6ms)[0m   [0mSELECT * FROM "topics" [0m
Rendering template within layouts/topics
Rendering topics/index
  [4;36;1mVote Load (0.4ms)[0m   [0;1mSELECT * FROM "votes" WHERE ("votes".topic_id = 1) [0m
  [4;35;1mVote Load (0.1ms)[0m   [0mSELECT * FROM "votes" WHERE ("votes".topic_id = 2) [0m
  [4;36;1mVote Load (0.1ms)[0m   [0;1mSELECT * FROM "votes" WHERE ("votes".topic_id = 3) [0m
  [4;35;1mVote Load (0.1ms)[0m   [0mSELECT * FROM "votes" WHERE ("votes".topic_id = 4) [0m
Completed in 16ms (View: 11, DB: 1) | 200 OK [http://localhost/topics]


Processing VotesController#create (for 127.0.0.1 at 2009-06-13 15:59:26) [POST]
  Parameters: {"topic_id"=>"1", "authenticity_token"=>"MZezxrjRXMvBnw+ugNTwsHyf+1VM88w4DL+PQXmSfjY="}
  [4;36;1mTopic Load (0.2ms)[0m   [0;1mSELECT * FROM "topics" WHERE ("topics"."id" = 1) [0m
  [4;35;1mCACHE (0.0ms)[0m   [0mSELECT * FROM "topics" WHERE ("topics"."id" = 1) [0m
  [4;36;1mVote Create (0.4ms)[0m   [0;1mINSERT INTO "votes" ("topic_id", "updated_at", "created_at") VALUES(1, '2009-06-13 22:59:26', '2009-06-13 22:59:26')[0m
Redirected to http://localhost:3000/topics
Completed in 65ms (DB: 1) | 302 Found [http://localhost/topics/1/votes]


Processing TopicsController#index (for 127.0.0.1 at 2009-06-13 15:59:26) [GET]
  [4;35;1mTopic Load (0.6ms)[0m   [0mSELECT * FROM "topics" [0m
Rendering template within layouts/topics
Rendering topics/index
  [4;36;1mVote Load (0.3ms)[0m   [0;1mSELECT * FROM "votes" WHERE ("votes".topic_id = 1) [0m
  [4;35;1mVote Load (0.1ms)[0m   [0mSELECT * FROM "votes" WHERE ("votes".topic_id = 2) [0m
  [4;36;1mVote Load (0.1ms)[0m   [0;1mSELECT * FROM "votes" WHERE ("votes".topic_id = 3) [0m
  [4;35;1mVote Load (0.1ms)[0m   [0mSELECT * FROM "votes" WHERE ("votes".topic_id = 4) [0m
Completed in 14ms (View: 9, DB: 1) | 200 OK [http://localhost/topics]
